-- The C compiler identification is GNU 11.4.0
-- The CXX compiler identification is GNU 11.4.0
-- Detecting C compiler ABI info
-- Detecting C compiler ABI info - done
-- Check for working C compiler: /usr/bin/cc - skipped
-- Detecting C compile features
-- Detecting C compile features - done
-- Detecting CXX compiler ABI info
-- Detecting CXX compiler ABI info - done
-- Check for working CXX compiler: /usr/bin/c++ - skipped
-- Detecting CXX compile features
-- Detecting CXX compile features - done
-- Found ament_cmake: 1.3.10 (/opt/ros/humble/share/ament_cmake/cmake)
-- Found Python3: /usr/bin/python3 (found version "3.10.12") found components: Interpreter 
-- Found rclcpp: 16.0.10 (/opt/ros/humble/share/rclcpp/cmake)
-- Found rosidl_generator_c: 3.1.5 (/opt/ros/humble/share/rosidl_generator_c/cmake)
-- Found rosidl_adapter: 3.1.5 (/opt/ros/humble/share/rosidl_adapter/cmake)
-- Found rosidl_generator_cpp: 3.1.5 (/opt/ros/humble/share/rosidl_generator_cpp/cmake)
-- Using all available rosidl_typesupport_c: rosidl_typesupport_fastrtps_c;rosidl_typesupport_introspection_c
-- Using all available rosidl_typesupport_cpp: rosidl_typesupport_fastrtps_cpp;rosidl_typesupport_introspection_cpp
-- Found rmw_implementation_cmake: 6.1.2 (/opt/ros/humble/share/rmw_implementation_cmake/cmake)
-- Found rmw_fastrtps_cpp: 6.2.7 (/opt/ros/humble/share/rmw_fastrtps_cpp/cmake)
-- Found OpenSSL: /usr/lib/x86_64-linux-gnu/libcrypto.so (found version "3.0.2")  
-- Found FastRTPS: /opt/ros/humble/include  
-- Using RMW implementation 'rmw_fastrtps_cpp' as default
-- Looking for pthread.h
-- Looking for pthread.h - found
-- Performing Test CMAKE_HAVE_LIBC_PTHREAD
-- Performing Test CMAKE_HAVE_LIBC_PTHREAD - Success
-- Found Threads: TRUE  
-- Found sensor_msgs: 4.2.4 (/opt/ros/humble/share/sensor_msgs/cmake)
-- Found cv_bridge: 3.2.1 (/opt/ros/humble/share/cv_bridge/cmake)
-- Found image_transport: 3.1.9 (/opt/ros/humble/share/image_transport/cmake)
-- Found nav_msgs: 4.2.4 (/opt/ros/humble/share/nav_msgs/cmake)
-- Found OpenCV: /usr (found version "4.5.4") 
-- Found tf2: 0.25.7 (/opt/ros/humble/share/tf2/cmake)
-- Found tf2_geometry_msgs: 0.25.7 (/opt/ros/humble/share/tf2_geometry_msgs/cmake)
-- Found eigen3_cmake_module: 0.1.1 (/opt/ros/humble/share/eigen3_cmake_module/cmake)
-- Found Eigen3: TRUE (found version "3.4.0") 
-- Ensuring Eigen3 include directory is part of orocos-kdl CMake target
-- Found std_srvs: 4.2.4 (/opt/ros/humble/share/std_srvs/cmake)
-- Found visualization_msgs: 4.2.4 (/opt/ros/humble/share/visualization_msgs/cmake)
-- Found ament_lint_auto: 0.12.11 (/opt/ros/humble/share/ament_lint_auto/cmake)
-- Added test 'cppcheck' to perform static code analysis on C / C++ code
-- Configured cppcheck include dirs: /home/rhys/ros2_ws/src/tut9/include
-- Configured cppcheck exclude dirs and/or files: 
-- Added test 'lint_cmake' to check CMake code style
-- Added test 'uncrustify' to check C / C++ code style
-- Configured uncrustify additional arguments: 
-- Added test 'xmllint' to check XML markup files
-- Configuring done
-- Generating done
-- Build files have been written to: /home/rhys/ros2_ws/src/tut9/build/tut9
[ 25%] [32mBuilding CXX object CMakeFiles/lastTask.dir/src/lastTask.cpp.o[0m
[ 50%] [32mBuilding CXX object CMakeFiles/imageOverlay.dir/src/imageOverlay.cpp.o[0m
[01m[K/home/rhys/ros2_ws/src/tut9/src/lastTask.cpp:40:53:[m[K [01;31m[Kerror: [m[Kextra qualification â€˜[01m[KCylinder::[m[Kâ€™ on member â€˜[01m[KcountSegments[m[Kâ€™ [[01;31m[K]8;;https://gcc.gnu.org/onlinedocs/gcc/Warning-Options.html#index-fpermissive-fpermissive]8;;[m[K]
   40 | std::vector<std::vector<geometry_msgs::msg::Point>> [01;31m[KCylinder[m[K::countSegments(const sensor_msgs::msg::LaserScan::SharedPtr scan)
      |                                                     [01;31m[K^~~~~~~~[m[K
[01m[K/home/rhys/ros2_ws/src/tut9/src/lastTask.cpp:141:27:[m[K [01;31m[Kerror: [m[Kextra qualification â€˜[01m[KCylinder::[m[Kâ€™ on member â€˜[01m[KfindCentre[m[Kâ€™ [[01;31m[K]8;;https://gcc.gnu.org/onlinedocs/gcc/Warning-Options.html#index-fpermissive-fpermissive]8;;[m[K]
  141 | geometry_msgs::msg::Point [01;31m[KCylinder[m[K::findCentre(geometry_msgs::msg::Point P1, geometry_msgs::msg::Point P2, double r)
      |                           [01;31m[K^~~~~~~~[m[K
[01m[K/home/rhys/ros2_ws/src/tut9/src/lastTask.cpp:213:33:[m[K [01;31m[Kerror: [m[Kextra qualification â€˜[01m[KCylinder::[m[Kâ€™ on member â€˜[01m[KproduceMarkerCylinder[m[Kâ€™ [[01;31m[K]8;;https://gcc.gnu.org/onlinedocs/gcc/Warning-Options.html#index-fpermissive-fpermissive]8;;[m[K]
  213 | visualization_msgs::msg::Marker [01;31m[KCylinder[m[K::produceMarkerCylinder(geometry_msgs::msg::Point pt)
      |                                 [01;31m[K^~~~~~~~[m[K
[01m[K/home/rhys/ros2_ws/src/tut9/src/lastTask.cpp:235:27:[m[K [01;31m[Kerror: [m[Kextra qualification â€˜[01m[KCylinder::[m[Kâ€™ on member â€˜[01m[KlocalToGlobal[m[Kâ€™ [[01;31m[K]8;;https://gcc.gnu.org/onlinedocs/gcc/Warning-Options.html#index-fpermissive-fpermissive]8;;[m[K]
  235 | geometry_msgs::msg::Point [01;31m[KCylinder[m[K::localToGlobal(const nav_msgs::msg::Odometry &global, const geometry_msgs::msg::Point &local)
      |                           [01;31m[K^~~~~~~~[m[K
[01m[K/home/rhys/ros2_ws/src/tut9/src/lastTask.cpp:[m[K In constructor â€˜[01m[KCylinder::Cylinder()[m[Kâ€™:
[01m[K/home/rhys/ros2_ws/src/tut9/src/lastTask.cpp:20:5:[m[K [01;31m[Kerror: [m[Kâ€˜[01m[Kscan_sub_[m[Kâ€™ was not declared in this scope
   20 |     [01;31m[Kscan_sub_[m[K = this->create_subscription<sensor_msgs::msg::LaserScan>(
      |     [01;31m[K^~~~~~~~~[m[K
[01m[K/home/rhys/ros2_ws/src/tut9/src/lastTask.cpp:22:5:[m[K [01;31m[Kerror: [m[Kâ€˜[01m[Kodom_sub_[m[Kâ€™ was not declared in this scope
   22 |     [01;31m[Kodom_sub_[m[K = this->create_subscription<nav_msgs::msg::Odometry>(
      |     [01;31m[K^~~~~~~~~[m[K
[01m[K/home/rhys/ros2_ws/src/tut9/src/lastTask.cpp:24:5:[m[K [01;31m[Kerror: [m[Kâ€˜[01m[Kmarker_pub_[m[Kâ€™ was not declared in this scope
   24 |     [01;31m[Kmarker_pub_[m[K = this->create_publisher<visualization_msgs::msg::Marker>(
      |     [01;31m[K^~~~~~~~~~~[m[K
[01m[K/home/rhys/ros2_ws/src/tut9/src/lastTask.cpp:[m[K In member function â€˜[01m[Kvoid Cylinder::odomCallback(nav_msgs::msg::Odometry_<std::allocator<void> >::SharedPtr)[m[Kâ€™:
[01m[K/home/rhys/ros2_ws/src/tut9/src/lastTask.cpp:37:5:[m[K [01;31m[Kerror: [m[Kâ€˜[01m[KcurrentOdom[m[Kâ€™ was not declared in this scope
   37 |     [01;31m[KcurrentOdom[m[K = *odom;
      |     [01;31m[K^~~~~~~~~~~[m[K
[01m[K/home/rhys/ros2_ws/src/tut9/src/lastTask.cpp:[m[K In member function â€˜[01m[Kstd::vector<std::vector<geometry_msgs::msg::Point_<std::allocator<void> >, std::allocator<geometry_msgs::msg::Point_<std::allocator<void> > > > > Cylinder::countSegments(sensor_msgs::msg::LaserScan_<std::allocator<void> >::SharedPtr)[m[Kâ€™:
[01m[K/home/rhys/ros2_ws/src/tut9/src/lastTask.cpp:75:56:[m[K [01;31m[Kerror: [m[Kâ€˜[01m[KcurrentOdom[m[Kâ€™ was not declared in this scope; did you mean â€˜[01m[Kcurrent[m[Kâ€™?
   75 |                 currentSegment.push_back(localToGlobal([01;31m[KcurrentOdom[m[K, current));
      |                                                        [01;31m[K^~~~~~~~~~~[m[K
      |                                                        [32m[Kcurrent[m[K
[01m[K/home/rhys/ros2_ws/src/tut9/src/lastTask.cpp:[m[K In member function â€˜[01m[Kvoid Cylinder::detectCylinder(const std::vector<geometry_msgs::msg::Point_<std::allocator<void> >, std::allocator<geometry_msgs::msg::Point_<std::allocator<void> > > >&)[m[Kâ€™:
[01m[K/home/rhys/ros2_ws/src/tut9/src/lastTask.cpp:129:43:[m[K [01;31m[Kerror: [m[Kâ€˜[01m[KfirstCent[m[Kâ€™ was not declared in this scope
  129 |             if (!checkExisting(centre) || [01;31m[KfirstCent[m[K)
      |                                           [01;31m[K^~~~~~~~~[m[K
[01m[K/home/rhys/ros2_ws/src/tut9/src/lastTask.cpp:132:17:[m[K [01;31m[Kerror: [m[Kâ€˜[01m[Kcentres[m[Kâ€™ was not declared in this scope; did you mean â€˜[01m[Kcentre[m[Kâ€™?
  132 |                 [01;31m[Kcentres[m[K.push_back(centre);
      |                 [01;31m[K^~~~~~~[m[K
      |                 [32m[Kcentre[m[K
[01m[K/home/rhys/ros2_ws/src/tut9/src/lastTask.cpp:135:17:[m[K [01;31m[Kerror: [m[Kâ€˜[01m[Kmarker_pub_[m[Kâ€™ was not declared in this scope
  135 |                 [01;31m[Kmarker_pub_[m[K->publish(marker);
      |                 [01;31m[K^~~~~~~~~~~[m[K
[01m[K/home/rhys/ros2_ws/src/tut9/src/lastTask.cpp:[m[K In member function â€˜[01m[Kgeometry_msgs::msg::Point Cylinder::findCentre(geometry_msgs::msg::Point, geometry_msgs::msg::Point, double)[m[Kâ€™:
[01m[K/home/rhys/ros2_ws/src/tut9/src/lastTask.cpp:154:23:[m[K [01;31m[Kerror: [m[Kâ€˜[01m[KcurrentOdom[m[Kâ€™ was not declared in this scope
  154 |     double d2 = sqrt(([01;31m[KcurrentOdom[m[K.pose.pose.position.x - c1x) * (currentOdom.pose.pose.position.x - c1x) + (currentOdom.pose.pose.position.y - c1y) * (currentOdom.pose.pose.position.y - c1y));
      |                       [01;31m[K^~~~~~~~~~~[m[K
[01m[K/home/rhys/ros2_ws/src/tut9/src/lastTask.cpp:[m[K In member function â€˜[01m[Kbool Cylinder::checkExisting(geometry_msgs::msg::Point)[m[Kâ€™:
[01m[K/home/rhys/ros2_ws/src/tut9/src/lastTask.cpp:177:40:[m[K [01;31m[Kerror: [m[Kâ€˜[01m[Kcentres[m[Kâ€™ was not declared in this scope; did you mean â€˜[01m[Kcentre[m[Kâ€™?
  177 |     for (const auto &existing_centre : [01;31m[Kcentres[m[K)
      |                                        [01;31m[K^~~~~~~[m[K
      |                                        [32m[Kcentre[m[K
[01m[K/home/rhys/ros2_ws/src/tut9/src/lastTask.cpp:[m[K In member function â€˜[01m[Kvoid Cylinder::visualizeSegment(const std::vector<geometry_msgs::msg::Point_<std::allocator<void> >, std::allocator<geometry_msgs::msg::Point_<std::allocator<void> > > >&)[m[Kâ€™:
[01m[K/home/rhys/ros2_ws/src/tut9/src/lastTask.cpp:196:22:[m[K [01;31m[Kerror: [m[Kâ€˜[01m[Kct_[m[Kâ€™ was not declared in this scope
  196 |     line_marker.id = [01;31m[Kct_[m[K++;
      |                      [01;31m[K^~~[m[K
[01m[K/home/rhys/ros2_ws/src/tut9/src/lastTask.cpp:210:5:[m[K [01;31m[Kerror: [m[Kâ€˜[01m[Kmarker_pub_[m[Kâ€™ was not declared in this scope
  210 |     [01;31m[Kmarker_pub_[m[K->publish(line_marker);
      |     [01;31m[K^~~~~~~~~~~[m[K
[01m[K/home/rhys/ros2_ws/src/tut9/src/lastTask.cpp:[m[K In member function â€˜[01m[Kvisualization_msgs::msg::Marker Cylinder::produceMarkerCylinder(geometry_msgs::msg::Point)[m[Kâ€™:
[01m[K/home/rhys/ros2_ws/src/tut9/src/lastTask.cpp:219:17:[m[K [01;31m[Kerror: [m[Kâ€˜[01m[Kct_[m[Kâ€™ was not declared in this scope
  219 |     marker.id = [01;31m[Kct_[m[K++;
      |                 [01;31m[K^~~[m[K
[01m[K/home/rhys/ros2_ws/src/tut9/src/imageOverlay.cpp:73:2:[m[K [01;31m[Kerror: [m[Kexpected â€˜[01m[K;[m[Kâ€™ after class definition
   73 | }
      |  [01;31m[K^[m[K
      |  [32m[K;[m[K
gmake[2]: *** [CMakeFiles/imageOverlay.dir/build.make:76: CMakeFiles/imageOverlay.dir/src/imageOverlay.cpp.o] Error 1
gmake[1]: *** [CMakeFiles/Makefile2:139: CMakeFiles/imageOverlay.dir/all] Error 2
gmake[1]: *** Waiting for unfinished jobs....
gmake[2]: *** [CMakeFiles/lastTask.dir/build.make:76: CMakeFiles/lastTask.dir/src/lastTask.cpp.o] Error 1
gmake[1]: *** [CMakeFiles/Makefile2:165: CMakeFiles/lastTask.dir/all] Error 2
gmake: *** [Makefile:146: all] Error 2
