[0.018s] Invoking command in '/home/rhys/ros2_ws/src/tut9/build/tut9': CMAKE_PREFIX_PATH=${CMAKE_PREFIX_PATH}:/home/rhys/ros2_ws/install/unit01_simulation_gazebo_world:/home/rhys/ros2_ws/install/turtlebot3_teleop:/home/rhys/ros2_ws/install/turtlebot3_example:/opt/ros/humble /usr/bin/cmake --build /home/rhys/ros2_ws/src/tut9/build/tut9 -- -j16 -l16
[0.079s] [35m[1mConsolidate compiler generated dependencies of target imageOverlay[0m
[0.080s] [35m[1mConsolidate compiler generated dependencies of target lastTask[0m
[0.106s] [ 50%] [32mBuilding CXX object CMakeFiles/imageOverlay.dir/src/imageOverlay.cpp.o[0m
[0.106s] [ 50%] [32mBuilding CXX object CMakeFiles/lastTask.dir/src/lastTask.cpp.o[0m
[3.181s] [01m[K/home/rhys/ros2_ws/src/tut9/src/lastTask.cpp:40:53:[m[K [01;31m[Kerror: [m[Kextra qualification â€˜[01m[KCylinder::[m[Kâ€™ on member â€˜[01m[KcountSegments[m[Kâ€™ [[01;31m[K]8;;https://gcc.gnu.org/onlinedocs/gcc/Warning-Options.html#index-fpermissive-fpermissive]8;;[m[K]
[3.181s]    40 | std::vector<std::vector<geometry_msgs::msg::Point>> [01;31m[KCylinder[m[K::countSegments(const sensor_msgs::msg::LaserScan::SharedPtr scan)
[3.181s]       |                                                     [01;31m[K^~~~~~~~[m[K
[3.181s] [01m[K/home/rhys/ros2_ws/src/tut9/src/lastTask.cpp:141:27:[m[K [01;31m[Kerror: [m[Kextra qualification â€˜[01m[KCylinder::[m[Kâ€™ on member â€˜[01m[KfindCentre[m[Kâ€™ [[01;31m[K]8;;https://gcc.gnu.org/onlinedocs/gcc/Warning-Options.html#index-fpermissive-fpermissive]8;;[m[K]
[3.181s]   141 | geometry_msgs::msg::Point [01;31m[KCylinder[m[K::findCentre(geometry_msgs::msg::Point P1, geometry_msgs::msg::Point P2, double r)
[3.181s]       |                           [01;31m[K^~~~~~~~[m[K
[3.181s] [01m[K/home/rhys/ros2_ws/src/tut9/src/lastTask.cpp:213:33:[m[K [01;31m[Kerror: [m[Kextra qualification â€˜[01m[KCylinder::[m[Kâ€™ on member â€˜[01m[KproduceMarkerCylinder[m[Kâ€™ [[01;31m[K]8;;https://gcc.gnu.org/onlinedocs/gcc/Warning-Options.html#index-fpermissive-fpermissive]8;;[m[K]
[3.181s]   213 | visualization_msgs::msg::Marker [01;31m[KCylinder[m[K::produceMarkerCylinder(geometry_msgs::msg::Point pt)
[3.181s]       |                                 [01;31m[K^~~~~~~~[m[K
[3.181s] [01m[K/home/rhys/ros2_ws/src/tut9/src/lastTask.cpp:235:27:[m[K [01;31m[Kerror: [m[Kextra qualification â€˜[01m[KCylinder::[m[Kâ€™ on member â€˜[01m[KlocalToGlobal[m[Kâ€™ [[01;31m[K]8;;https://gcc.gnu.org/onlinedocs/gcc/Warning-Options.html#index-fpermissive-fpermissive]8;;[m[K]
[3.182s]   235 | geometry_msgs::msg::Point [01;31m[KCylinder[m[K::localToGlobal(const nav_msgs::msg::Odometry &global, const geometry_msgs::msg::Point &local)
[3.182s]       |                           [01;31m[K^~~~~~~~[m[K
[3.188s] [01m[K/home/rhys/ros2_ws/src/tut9/src/lastTask.cpp:[m[K In constructor â€˜[01m[KCylinder::Cylinder()[m[Kâ€™:
[3.189s] [01m[K/home/rhys/ros2_ws/src/tut9/src/lastTask.cpp:20:5:[m[K [01;31m[Kerror: [m[Kâ€˜[01m[Kscan_sub_[m[Kâ€™ was not declared in this scope
[3.189s]    20 |     [01;31m[Kscan_sub_[m[K = this->create_subscription<sensor_msgs::msg::LaserScan>(
[3.189s]       |     [01;31m[K^~~~~~~~~[m[K
[3.249s] [01m[K/home/rhys/ros2_ws/src/tut9/src/lastTask.cpp:22:5:[m[K [01;31m[Kerror: [m[Kâ€˜[01m[Kodom_sub_[m[Kâ€™ was not declared in this scope
[3.250s]    22 |     [01;31m[Kodom_sub_[m[K = this->create_subscription<nav_msgs::msg::Odometry>(
[3.250s]       |     [01;31m[K^~~~~~~~~[m[K
[3.305s] [01m[K/home/rhys/ros2_ws/src/tut9/src/lastTask.cpp:24:5:[m[K [01;31m[Kerror: [m[Kâ€˜[01m[Kmarker_pub_[m[Kâ€™ was not declared in this scope
[3.305s]    24 |     [01;31m[Kmarker_pub_[m[K = this->create_publisher<visualization_msgs::msg::Marker>(
[3.305s]       |     [01;31m[K^~~~~~~~~~~[m[K
[3.324s] [01m[K/home/rhys/ros2_ws/src/tut9/src/lastTask.cpp:[m[K In member function â€˜[01m[Kvoid Cylinder::odomCallback(nav_msgs::msg::Odometry_<std::allocator<void> >::SharedPtr)[m[Kâ€™:
[3.324s] [01m[K/home/rhys/ros2_ws/src/tut9/src/lastTask.cpp:37:5:[m[K [01;31m[Kerror: [m[Kâ€˜[01m[KcurrentOdom[m[Kâ€™ was not declared in this scope
[3.324s]    37 |     [01;31m[KcurrentOdom[m[K = *odom;
[3.324s]       |     [01;31m[K^~~~~~~~~~~[m[K
[3.334s] [01m[K/home/rhys/ros2_ws/src/tut9/src/lastTask.cpp:[m[K In member function â€˜[01m[Kstd::vector<std::vector<geometry_msgs::msg::Point_<std::allocator<void> >, std::allocator<geometry_msgs::msg::Point_<std::allocator<void> > > > > Cylinder::countSegments(sensor_msgs::msg::LaserScan_<std::allocator<void> >::SharedPtr)[m[Kâ€™:
[3.335s] [01m[K/home/rhys/ros2_ws/src/tut9/src/lastTask.cpp:75:56:[m[K [01;31m[Kerror: [m[Kâ€˜[01m[KcurrentOdom[m[Kâ€™ was not declared in this scope; did you mean â€˜[01m[Kcurrent[m[Kâ€™?
[3.335s]    75 |                 currentSegment.push_back(localToGlobal([01;31m[KcurrentOdom[m[K, current));
[3.335s]       |                                                        [01;31m[K^~~~~~~~~~~[m[K
[3.335s]       |                                                        [32m[Kcurrent[m[K
[3.344s] [01m[K/home/rhys/ros2_ws/src/tut9/src/lastTask.cpp:[m[K In member function â€˜[01m[Kvoid Cylinder::detectCylinder(const std::vector<geometry_msgs::msg::Point_<std::allocator<void> >, std::allocator<geometry_msgs::msg::Point_<std::allocator<void> > > >&)[m[Kâ€™:
[3.345s] [01m[K/home/rhys/ros2_ws/src/tut9/src/lastTask.cpp:129:43:[m[K [01;31m[Kerror: [m[Kâ€˜[01m[KfirstCent[m[Kâ€™ was not declared in this scope
[3.345s]   129 |             if (!checkExisting(centre) || [01;31m[KfirstCent[m[K)
[3.345s]       |                                           [01;31m[K^~~~~~~~~[m[K
[3.350s] [01m[K/home/rhys/ros2_ws/src/tut9/src/lastTask.cpp:132:17:[m[K [01;31m[Kerror: [m[Kâ€˜[01m[Kcentres[m[Kâ€™ was not declared in this scope; did you mean â€˜[01m[Kcentre[m[Kâ€™?
[3.351s]   132 |                 [01;31m[Kcentres[m[K.push_back(centre);
[3.351s]       |                 [01;31m[K^~~~~~~[m[K
[3.351s]       |                 [32m[Kcentre[m[K
[3.359s] [01m[K/home/rhys/ros2_ws/src/tut9/src/lastTask.cpp:135:17:[m[K [01;31m[Kerror: [m[Kâ€˜[01m[Kmarker_pub_[m[Kâ€™ was not declared in this scope
[3.359s]   135 |                 [01;31m[Kmarker_pub_[m[K->publish(marker);
[3.359s]       |                 [01;31m[K^~~~~~~~~~~[m[K
[3.369s] [01m[K/home/rhys/ros2_ws/src/tut9/src/lastTask.cpp:[m[K In member function â€˜[01m[Kgeometry_msgs::msg::Point Cylinder::findCentre(geometry_msgs::msg::Point, geometry_msgs::msg::Point, double)[m[Kâ€™:
[3.369s] [01m[K/home/rhys/ros2_ws/src/tut9/src/lastTask.cpp:154:23:[m[K [01;31m[Kerror: [m[Kâ€˜[01m[KcurrentOdom[m[Kâ€™ was not declared in this scope
[3.369s]   154 |     double d2 = sqrt(([01;31m[KcurrentOdom[m[K.pose.pose.position.x - c1x) * (currentOdom.pose.pose.position.x - c1x) + (currentOdom.pose.pose.position.y - c1y) * (currentOdom.pose.pose.position.y - c1y));
[3.369s]       |                       [01;31m[K^~~~~~~~~~~[m[K
[3.375s] [01m[K/home/rhys/ros2_ws/src/tut9/src/lastTask.cpp:[m[K In member function â€˜[01m[Kbool Cylinder::checkExisting(geometry_msgs::msg::Point)[m[Kâ€™:
[3.375s] [01m[K/home/rhys/ros2_ws/src/tut9/src/lastTask.cpp:177:40:[m[K [01;31m[Kerror: [m[Kâ€˜[01m[Kcentres[m[Kâ€™ was not declared in this scope; did you mean â€˜[01m[Kcentre[m[Kâ€™?
[3.375s]   177 |     for (const auto &existing_centre : [01;31m[Kcentres[m[K)
[3.375s]       |                                        [01;31m[K^~~~~~~[m[K
[3.376s]       |                                        [32m[Kcentre[m[K
[3.381s] [01m[K/home/rhys/ros2_ws/src/tut9/src/lastTask.cpp:[m[K In member function â€˜[01m[Kvoid Cylinder::visualizeSegment(const std::vector<geometry_msgs::msg::Point_<std::allocator<void> >, std::allocator<geometry_msgs::msg::Point_<std::allocator<void> > > >&)[m[Kâ€™:
[3.381s] [01m[K/home/rhys/ros2_ws/src/tut9/src/lastTask.cpp:196:22:[m[K [01;31m[Kerror: [m[Kâ€˜[01m[Kct_[m[Kâ€™ was not declared in this scope
[3.381s]   196 |     line_marker.id = [01;31m[Kct_[m[K++;
[3.381s]       |                      [01;31m[K^~~[m[K
[3.389s] [01m[K/home/rhys/ros2_ws/src/tut9/src/lastTask.cpp:210:5:[m[K [01;31m[Kerror: [m[Kâ€˜[01m[Kmarker_pub_[m[Kâ€™ was not declared in this scope
[3.389s]   210 |     [01;31m[Kmarker_pub_[m[K->publish(line_marker);
[3.389s]       |     [01;31m[K^~~~~~~~~~~[m[K
[3.395s] [01m[K/home/rhys/ros2_ws/src/tut9/src/lastTask.cpp:[m[K In member function â€˜[01m[Kvisualization_msgs::msg::Marker Cylinder::produceMarkerCylinder(geometry_msgs::msg::Point)[m[Kâ€™:
[3.395s] [01m[K/home/rhys/ros2_ws/src/tut9/src/lastTask.cpp:219:17:[m[K [01;31m[Kerror: [m[Kâ€˜[01m[Kct_[m[Kâ€™ was not declared in this scope
[3.395s]   219 |     marker.id = [01;31m[Kct_[m[K++;
[3.396s]       |                 [01;31m[K^~~[m[K
[4.786s] [ 75%] [32m[1mLinking CXX executable imageOverlay[0m
[5.373s] [ 75%] Built target imageOverlay
[6.975s] gmake[2]: *** [CMakeFiles/lastTask.dir/build.make:76: CMakeFiles/lastTask.dir/src/lastTask.cpp.o] Error 1
[6.975s] gmake[1]: *** [CMakeFiles/Makefile2:165: CMakeFiles/lastTask.dir/all] Error 2
[6.975s] gmake: *** [Makefile:146: all] Error 2
[6.979s] Invoked command in '/home/rhys/ros2_ws/src/tut9/build/tut9' returned '2': CMAKE_PREFIX_PATH=${CMAKE_PREFIX_PATH}:/home/rhys/ros2_ws/install/unit01_simulation_gazebo_world:/home/rhys/ros2_ws/install/turtlebot3_teleop:/home/rhys/ros2_ws/install/turtlebot3_example:/opt/ros/humble /usr/bin/cmake --build /home/rhys/ros2_ws/src/tut9/build/tut9 -- -j16 -l16
